<?xml version="1.0" encoding="UTF-8"?>
<testsuite name="org.ddiachenko.SumCalculatorTest" tests="1" skipped="0" failures="0" errors="0" timestamp="2024-01-28T13:39:41" hostname="DESKTOP-2H9LRPL" time="0.016">
  <properties/>
  <testcase name="sum0ThrowsException()" classname="org.ddiachenko.SumCalculatorTest" time="0.016"/>
  <system-out><![CDATA[]]></system-out>
  <system-err><![CDATA[]]></system-err>
</testsuite>
